mode: set
github.com/abc7468/roycoin/utils/utils.go:15.27,16.16 1 1
github.com/abc7468/roycoin/utils/utils.go:16.16,18.3 1 1
github.com/abc7468/roycoin/utils/utils.go:21.36,26.2 4 1
github.com/abc7468/roycoin/utils/utils.go:28.44,31.2 2 1
github.com/abc7468/roycoin/utils/utils.go:33.33,37.2 3 1
github.com/abc7468/roycoin/utils/utils.go:39.51,41.18 2 1
github.com/abc7468/roycoin/utils/utils.go:44.2,44.13 1 1
github.com/abc7468/roycoin/utils/utils.go:41.18,43.3 1 1
github.com/abc7468/roycoin/utils/utils.go:47.35,51.2 3 1
github.com/abc7468/roycoin/wallet/wallet.go:27.35,30.2 2 0
github.com/abc7468/roycoin/wallet/wallet.go:32.74,35.2 1 0
github.com/abc7468/roycoin/wallet/wallet.go:37.52,39.2 1 0
github.com/abc7468/roycoin/wallet/wallet.go:50.40,54.2 3 1
github.com/abc7468/roycoin/wallet/wallet.go:56.40,61.2 4 1
github.com/abc7468/roycoin/wallet/wallet.go:63.37,69.2 5 0
github.com/abc7468/roycoin/wallet/wallet.go:71.40,74.2 2 1
github.com/abc7468/roycoin/wallet/wallet.go:76.43,78.2 1 1
github.com/abc7468/roycoin/wallet/wallet.go:80.45,86.2 5 1
github.com/abc7468/roycoin/wallet/wallet.go:88.64,90.16 2 1
github.com/abc7468/roycoin/wallet/wallet.go:93.2,99.26 7 1
github.com/abc7468/roycoin/wallet/wallet.go:90.16,92.3 1 1
github.com/abc7468/roycoin/wallet/wallet.go:102.54,116.2 9 1
github.com/abc7468/roycoin/wallet/wallet.go:118.23,119.14 1 1
github.com/abc7468/roycoin/wallet/wallet.go:131.2,131.10 1 1
github.com/abc7468/roycoin/wallet/wallet.go:119.14,121.28 2 1
github.com/abc7468/roycoin/wallet/wallet.go:129.3,129.35 1 1
github.com/abc7468/roycoin/wallet/wallet.go:121.28,124.4 1 0
github.com/abc7468/roycoin/wallet/wallet.go:124.9,128.4 3 1
github.com/abc7468/roycoin/blockchain/block.go:21.29,23.2 1 1
github.com/abc7468/roycoin/blockchain/block.go:27.38,29.2 1 1
github.com/abc7468/roycoin/blockchain/block.go:31.45,33.23 2 1
github.com/abc7468/roycoin/blockchain/block.go:36.2,38.19 3 1
github.com/abc7468/roycoin/blockchain/block.go:33.23,35.3 1 1
github.com/abc7468/roycoin/blockchain/block.go:41.24,43.6 2 1
github.com/abc7468/roycoin/blockchain/block.go:43.6,46.38 3 1
github.com/abc7468/roycoin/blockchain/block.go:46.38,48.9 2 1
github.com/abc7468/roycoin/blockchain/block.go:49.9,51.4 1 1
github.com/abc7468/roycoin/blockchain/block.go:56.64,68.2 5 1
github.com/abc7468/roycoin/blockchain/chain.go:37.43,39.2 1 1
github.com/abc7468/roycoin/blockchain/chain.go:41.39,43.2 1 1
github.com/abc7468/roycoin/blockchain/chain.go:45.40,52.2 6 1
github.com/abc7468/roycoin/blockchain/chain.go:54.37,60.6 5 1
github.com/abc7468/roycoin/blockchain/chain.go:69.2,69.15 1 1
github.com/abc7468/roycoin/blockchain/chain.go:60.6,63.27 3 1
github.com/abc7468/roycoin/blockchain/chain.go:63.27,65.4 1 1
github.com/abc7468/roycoin/blockchain/chain.go:65.9,66.9 1 1
github.com/abc7468/roycoin/blockchain/chain.go:72.47,79.46 7 1
github.com/abc7468/roycoin/blockchain/chain.go:84.2,84.28 1 0
github.com/abc7468/roycoin/blockchain/chain.go:79.46,81.3 1 1
github.com/abc7468/roycoin/blockchain/chain.go:81.8,81.53 1 0
github.com/abc7468/roycoin/blockchain/chain.go:81.53,83.3 1 0
github.com/abc7468/roycoin/blockchain/chain.go:87.31,89.34 2 1
github.com/abc7468/roycoin/blockchain/chain.go:92.2,92.12 1 1
github.com/abc7468/roycoin/blockchain/chain.go:89.34,91.3 1 1
github.com/abc7468/roycoin/blockchain/chain.go:95.49,96.28 1 1
github.com/abc7468/roycoin/blockchain/chain.go:101.2,101.12 1 1
github.com/abc7468/roycoin/blockchain/chain.go:96.28,97.24 1 1
github.com/abc7468/roycoin/blockchain/chain.go:97.24,99.4 1 1
github.com/abc7468/roycoin/blockchain/chain.go:104.39,105.19 1 1
github.com/abc7468/roycoin/blockchain/chain.go:105.19,107.3 1 1
github.com/abc7468/roycoin/blockchain/chain.go:107.8,107.45 1 1
github.com/abc7468/roycoin/blockchain/chain.go:107.45,109.3 1 1
github.com/abc7468/roycoin/blockchain/chain.go:109.8,111.3 1 1
github.com/abc7468/roycoin/blockchain/chain.go:114.64,118.34 3 0
github.com/abc7468/roycoin/blockchain/chain.go:140.2,140.16 1 0
github.com/abc7468/roycoin/blockchain/chain.go:118.34,119.41 1 0
github.com/abc7468/roycoin/blockchain/chain.go:119.41,120.35 1 0
github.com/abc7468/roycoin/blockchain/chain.go:128.4,128.41 1 0
github.com/abc7468/roycoin/blockchain/chain.go:120.35,121.38 1 0
github.com/abc7468/roycoin/blockchain/chain.go:124.5,124.69 1 0
github.com/abc7468/roycoin/blockchain/chain.go:121.38,122.11 1 0
github.com/abc7468/roycoin/blockchain/chain.go:124.69,126.6 1 0
github.com/abc7468/roycoin/blockchain/chain.go:128.41,129.34 1 0
github.com/abc7468/roycoin/blockchain/chain.go:129.34,130.41 1 0
github.com/abc7468/roycoin/blockchain/chain.go:130.41,132.31 2 0
github.com/abc7468/roycoin/blockchain/chain.go:132.31,134.8 1 0
github.com/abc7468/roycoin/blockchain/chain.go:143.58,146.31 3 0
github.com/abc7468/roycoin/blockchain/chain.go:149.2,149.15 1 0
github.com/abc7468/roycoin/blockchain/chain.go:146.31,148.3 1 0
github.com/abc7468/roycoin/blockchain/chain.go:152.31,153.17 1 1
github.com/abc7468/roycoin/blockchain/chain.go:163.2,163.10 1 1
github.com/abc7468/roycoin/blockchain/chain.go:153.17,156.24 3 1
github.com/abc7468/roycoin/blockchain/chain.go:156.24,158.4 1 1
github.com/abc7468/roycoin/blockchain/chain.go:158.9,160.4 1 1
github.com/abc7468/roycoin/blockchain/chain.go:166.52,171.2 3 0
github.com/abc7468/roycoin/blockchain/chain.go:173.50,181.34 8 0
github.com/abc7468/roycoin/blockchain/chain.go:181.34,183.3 1 0
github.com/abc7468/roycoin/blockchain/chain.go:185.52,197.43 10 0
github.com/abc7468/roycoin/blockchain/chain.go:197.43,199.9 2 0
github.com/abc7468/roycoin/blockchain/chain.go:199.9,201.4 1 0
github.com/abc7468/roycoin/blockchain/transactions.go:24.25,25.20 1 1
github.com/abc7468/roycoin/blockchain/transactions.go:30.2,30.10 1 1
github.com/abc7468/roycoin/blockchain/transactions.go:25.20,29.3 1 1
github.com/abc7468/roycoin/blockchain/transactions.go:57.39,60.35 2 0
github.com/abc7468/roycoin/blockchain/transactions.go:68.2,68.15 1 0
github.com/abc7468/roycoin/blockchain/transactions.go:60.35,61.34 1 0
github.com/abc7468/roycoin/blockchain/transactions.go:61.34,62.64 1 0
github.com/abc7468/roycoin/blockchain/transactions.go:62.64,64.16 2 0
github.com/abc7468/roycoin/blockchain/transactions.go:71.22,73.2 1 1
github.com/abc7468/roycoin/blockchain/transactions.go:75.21,76.31 1 0
github.com/abc7468/roycoin/blockchain/transactions.go:76.31,78.3 1 0
github.com/abc7468/roycoin/blockchain/transactions.go:81.28,83.32 2 0
github.com/abc7468/roycoin/blockchain/transactions.go:95.2,95.14 1 0
github.com/abc7468/roycoin/blockchain/transactions.go:83.32,85.20 2 0
github.com/abc7468/roycoin/blockchain/transactions.go:89.3,91.13 3 0
github.com/abc7468/roycoin/blockchain/transactions.go:85.20,87.9 2 0
github.com/abc7468/roycoin/blockchain/transactions.go:91.13,92.9 1 0
github.com/abc7468/roycoin/blockchain/transactions.go:98.41,113.2 5 1
github.com/abc7468/roycoin/blockchain/transactions.go:118.55,119.51 1 0
github.com/abc7468/roycoin/blockchain/transactions.go:122.2,126.33 5 0
github.com/abc7468/roycoin/blockchain/transactions.go:134.2,134.43 1 0
github.com/abc7468/roycoin/blockchain/transactions.go:138.2,149.12 7 0
github.com/abc7468/roycoin/blockchain/transactions.go:152.2,152.16 1 0
github.com/abc7468/roycoin/blockchain/transactions.go:119.51,121.3 1 0
github.com/abc7468/roycoin/blockchain/transactions.go:126.33,127.22 1 0
github.com/abc7468/roycoin/blockchain/transactions.go:130.3,132.25 3 0
github.com/abc7468/roycoin/blockchain/transactions.go:127.22,128.9 1 0
github.com/abc7468/roycoin/blockchain/transactions.go:134.43,137.3 2 0
github.com/abc7468/roycoin/blockchain/transactions.go:149.12,151.3 1 0
github.com/abc7468/roycoin/blockchain/transactions.go:155.61,157.16 2 0
github.com/abc7468/roycoin/blockchain/transactions.go:160.2,161.16 2 0
github.com/abc7468/roycoin/blockchain/transactions.go:157.16,159.3 1 0
github.com/abc7468/roycoin/blockchain/transactions.go:164.39,168.27 4 1
github.com/abc7468/roycoin/blockchain/transactions.go:171.2,172.12 2 1
github.com/abc7468/roycoin/blockchain/transactions.go:168.27,170.3 1 1
github.com/abc7468/roycoin/blockchain/transactions.go:175.37,180.2 3 0
