mode: set
github.com/abc7468/roycoin/utils/utils.go:15.27,16.16 1 1
github.com/abc7468/roycoin/utils/utils.go:16.16,18.3 1 1
github.com/abc7468/roycoin/utils/utils.go:21.36,26.2 4 1
github.com/abc7468/roycoin/utils/utils.go:28.44,31.2 2 1
github.com/abc7468/roycoin/utils/utils.go:33.33,37.2 3 1
github.com/abc7468/roycoin/utils/utils.go:39.51,41.18 2 1
github.com/abc7468/roycoin/utils/utils.go:44.2,44.13 1 1
github.com/abc7468/roycoin/utils/utils.go:41.18,43.3 1 1
github.com/abc7468/roycoin/utils/utils.go:47.35,51.2 3 1
github.com/abc7468/roycoin/wallet/wallet.go:27.35,30.2 2 0
github.com/abc7468/roycoin/wallet/wallet.go:32.74,35.2 1 0
github.com/abc7468/roycoin/wallet/wallet.go:37.52,39.2 1 0
github.com/abc7468/roycoin/wallet/wallet.go:50.40,54.2 3 1
github.com/abc7468/roycoin/wallet/wallet.go:56.40,61.2 4 1
github.com/abc7468/roycoin/wallet/wallet.go:63.37,69.2 5 0
github.com/abc7468/roycoin/wallet/wallet.go:71.40,74.2 2 1
github.com/abc7468/roycoin/wallet/wallet.go:76.43,78.2 1 1
github.com/abc7468/roycoin/wallet/wallet.go:80.45,86.2 5 1
github.com/abc7468/roycoin/wallet/wallet.go:88.64,90.16 2 1
github.com/abc7468/roycoin/wallet/wallet.go:93.2,99.26 7 1
github.com/abc7468/roycoin/wallet/wallet.go:90.16,92.3 1 1
github.com/abc7468/roycoin/wallet/wallet.go:102.54,116.2 9 1
github.com/abc7468/roycoin/wallet/wallet.go:118.23,119.14 1 1
github.com/abc7468/roycoin/wallet/wallet.go:131.2,131.10 1 1
github.com/abc7468/roycoin/wallet/wallet.go:119.14,121.28 2 1
github.com/abc7468/roycoin/wallet/wallet.go:129.3,129.35 1 1
github.com/abc7468/roycoin/wallet/wallet.go:121.28,124.4 1 0
github.com/abc7468/roycoin/wallet/wallet.go:124.9,128.4 3 1
